<?xml version="1.0" encoding="UTF-8"?>
<!-- Generated by org.testng.reporters.JUnitReportReporter -->
<testsuite hostname="DESKTOP-3TDHDK4" failures="0" tests="3" name="pom.TestClassTNG" time="0.042" errors="0" timestamp="2022-05-09T15:10:18 PDT" skipped="0">
  <testcase classname="pom.TestClassTNG" name="TestCaseC" time="0.017"/>
  <system-out/>
  <testcase classname="pom.TestClassTNG" name="TestCaseB" time="0.008"/>
  <system-out/>
  <testcase classname="pom.TestClassTNG" name="TestCaseA" time="0.017"/>
  <system-out/>
</testsuite> <!-- pom.TestClassTNG -->
